<?xml version="1.0" encoding="UTF-8"?>
<testng-results ignored="0" total="2" passed="2" failed="0" skipped="0">
  <reporter-output>
  </reporter-output>
  <suite started-at="2023-04-25T08:45:47 IST" name="Default suite" finished-at="2023-04-25T08:45:47 IST" duration-ms="100">
    <groups>
    </groups>
    <test started-at="2023-04-25T08:45:47 IST" name="Default test" finished-at="2023-04-25T08:45:47 IST" duration-ms="100">
      <class name="test.annotationsexamle">
        <test-method is-config="true" signature="initialization()[pri:0, instance:test.annotationsexamle@3541cb24]" started-at="2023-04-25T08:45:47 IST" name="initialization" finished-at="2023-04-25T08:45:47 IST" duration-ms="7" status="PASS">
          <reporter-output>
          </reporter-output>
        </test-method> <!-- initialization -->
        <test-method signature="logintest()[pri:0, instance:test.annotationsexamle@3541cb24]" started-at="2023-04-25T08:45:47 IST" name="logintest" finished-at="2023-04-25T08:45:47 IST" duration-ms="9" status="PASS">
          <reporter-output>
          </reporter-output>
        </test-method> <!-- logintest -->
        <test-method is-config="true" signature="tearDown()[pri:0, instance:test.annotationsexamle@3541cb24]" started-at="2023-04-25T08:45:47 IST" name="tearDown" finished-at="2023-04-25T08:45:47 IST" duration-ms="1" status="PASS">
          <reporter-output>
          </reporter-output>
        </test-method> <!-- tearDown -->
        <test-method signature="logotest()[pri:0, instance:test.annotationsexamle@3541cb24]" started-at="2023-04-25T08:45:47 IST" name="logotest" finished-at="2023-04-25T08:45:47 IST" duration-ms="6" status="PASS">
          <reporter-output>
          </reporter-output>
        </test-method> <!-- logotest -->
        <test-method is-config="true" signature="initialization()[pri:0, instance:test.annotationsexamle@3541cb24]" started-at="2023-04-25T08:45:47 IST" name="initialization" finished-at="2023-04-25T08:45:47 IST" duration-ms="0" status="PASS">
          <reporter-output>
          </reporter-output>
        </test-method> <!-- initialization -->
        <test-method is-config="true" signature="tearDown()[pri:0, instance:test.annotationsexamle@3541cb24]" started-at="2023-04-25T08:45:47 IST" name="tearDown" finished-at="2023-04-25T08:45:47 IST" duration-ms="2" status="PASS">
          <reporter-output>
          </reporter-output>
        </test-method> <!-- tearDown -->
      </class> <!-- test.annotationsexamle -->
    </test> <!-- Default test -->
  </suite> <!-- Default suite -->
</testng-results>
